<?xml version="1.0" encoding="UTF-8"?>
<!-- Generated by org.testng.reporters.JUnitReportReporter -->
<testsuite hostname="DESKTOP-QEBQ8BA" failures="0" tests="1" name="apachePOI.ReadData" time="1.277" errors="0" timestamp="2022-11-01T11:06:00 IST" skipped="0">
  <testcase classname="apachePOI.ReadData" name="dataFetch" time="1.277"/>
  <system-out/>
</testsuite> <!-- apachePOI.ReadData -->
